<?xml version="1.0" encoding="UTF-8"?>
<!-- Generated by org.testng.reporters.JUnitXMLReporter -->
<testsuite ignored="2" hostname="ACSS-LTP151" failures="0" tests="3" name="Test" time="29.073" errors="0" timestamp="2024-12-02T17:56:31 PST">
  <testcase classname="test.cases.TC001" name="AddUser" time="13.868"/>
  <testcase classname="test.cases.TC001" name="Logout" time="0.632"/>
  <testcase classname="test.cases.TC001" name="reloginUser" time="7.311"/>
  <testcase classname="base.files.BaseFiles" name="@BeforeTest startBrowser" time="0.0">
    <ignored/>
  </testcase> <!-- @BeforeTest startBrowser -->
  <testcase classname="base.files.BaseFiles" name="@AfterTest closeBrowser" time="0.0">
    <ignored/>
  </testcase> <!-- @AfterTest closeBrowser -->
</testsuite> <!-- Test -->
