<?xml version="1.0" encoding="UTF-8"?>
<testng-results ignored="0" total="1" passed="1" failed="0" skipped="0">
  <reporter-output>
  </reporter-output>
  <suite started-at="2024-11-29T15:00:27 PST" name="Default suite" finished-at="2024-11-29T15:01:30 PST" duration-ms="63055">
    <groups>
    </groups>
    <test started-at="2024-11-29T15:00:27 PST" name="Default test" finished-at="2024-11-29T15:01:30 PST" duration-ms="63055">
      <class name="test.cases.Enhancements">
        <test-method is-config="true" signature="startBrowser()[pri:0, instance:test.cases.Enhancements@783a467b]" started-at="2024-11-29T15:00:27 PST" name="startBrowser" finished-at="2024-11-29T15:01:04 PST" duration-ms="37314" status="PASS">
          <reporter-output>
          </reporter-output>
        </test-method> <!-- startBrowser -->
        <test-method signature="AddUser()[pri:1, instance:test.cases.Enhancements@783a467b]" started-at="2024-11-29T15:01:04 PST" name="AddUser" finished-at="2024-11-29T15:01:22 PST" duration-ms="17313" status="PASS">
          <reporter-output>
          </reporter-output>
        </test-method> <!-- AddUser -->
        <test-method is-config="true" signature="closeBrowser()[pri:0, instance:test.cases.Enhancements@783a467b]" started-at="2024-11-29T15:01:22 PST" name="closeBrowser" finished-at="2024-11-29T15:01:30 PST" duration-ms="8350" status="PASS">
          <reporter-output>
          </reporter-output>
        </test-method> <!-- closeBrowser -->
      </class> <!-- test.cases.Enhancements -->
    </test> <!-- Default test -->
  </suite> <!-- Default suite -->
</testng-results>
