<?xml version="1.0" encoding="UTF-8"?>
<testng-results ignored="2" total="5" passed="3" failed="0" skipped="0">
  <reporter-output>
  </reporter-output>
  <suite started-at="2024-12-02T17:56:02 PST" name="Suite" finished-at="2024-12-02T17:56:31 PST" duration-ms="29073">
    <groups>
    </groups>
    <test started-at="2024-12-02T17:56:02 PST" name="Test" finished-at="2024-12-02T17:56:31 PST" duration-ms="29073">
      <class name="test.cases.TC001">
        <test-method signature="AddUser()[pri:1, instance:test.cases.TC001@130c12b7]" started-at="2024-12-02T17:56:08 PST" name="AddUser" finished-at="2024-12-02T17:56:22 PST" duration-ms="13868" status="PASS">
          <reporter-output>
          </reporter-output>
        </test-method> <!-- AddUser -->
        <test-method signature="Logout()[pri:2, instance:test.cases.TC001@130c12b7]" started-at="2024-12-02T17:56:22 PST" name="Logout" finished-at="2024-12-02T17:56:23 PST" depends-on-methods="test.cases.TC001.AddUser" duration-ms="632" status="PASS">
          <reporter-output>
          </reporter-output>
        </test-method> <!-- Logout -->
        <test-method signature="reloginUser()[pri:3, instance:test.cases.TC001@130c12b7]" started-at="2024-12-02T17:56:23 PST" name="reloginUser" finished-at="2024-12-02T17:56:30 PST" depends-on-methods="test.cases.TC001.Logout" duration-ms="7311" status="PASS">
          <reporter-output>
          </reporter-output>
        </test-method> <!-- reloginUser -->
      </class> <!-- test.cases.TC001 -->
      <class name="base.files.BaseFiles">
        <test-method is-config="true" signature="startBrowser()[pri:0, instance:base.files.BaseFiles@13fd2ccd]" started-at="2024-12-02T17:56:02 PST" name="startBrowser" finished-at="2024-12-02T17:56:08 PST" duration-ms="6306" status="PASS">
          <reporter-output>
          </reporter-output>
        </test-method> <!-- startBrowser -->
        <test-method is-config="true" signature="closeBrowser()[pri:0, instance:base.files.BaseFiles@13fd2ccd]" started-at="2024-12-02T17:56:30 PST" name="closeBrowser" finished-at="2024-12-02T17:56:31 PST" duration-ms="923" status="PASS">
          <reporter-output>
          </reporter-output>
        </test-method> <!-- closeBrowser -->
      </class> <!-- base.files.BaseFiles -->
    </test> <!-- Test -->
  </suite> <!-- Suite -->
</testng-results>
